test_main.obj : warning LNK4075: не учитывается "/EDITANDCONTINUE" из-за спецификации "/SAFESEH"
test_tset.obj : error LNK2019: ссылка на неразрешенный внешний символ "public: __thiscall TSet::TSet(int)" (??0TSet@@QAE@H@Z) в функции "private: virtual void __thiscall TSet_can_assign_set_of_equal_size_Test::TestBody(void)" (?TestBody@TSet_can_assign_set_of_equal_size_Test@@EAEXXZ)
test_tset.obj : error LNK2019: ссылка на неразрешенный внешний символ "public: int __thiscall TSet::GetMaxPower(void)const " (?GetMaxPower@TSet@@QBEHXZ) в функции "private: virtual void __thiscall TSet_can_get_max_power_set_Test::TestBody(void)" (?TestBody@TSet_can_get_max_power_set_Test@@EAEXXZ)
test_tset.obj : error LNK2019: ссылка на неразрешенный внешний символ "public: void __thiscall TSet::InsElem(int)" (?InsElem@TSet@@QAEXH@Z) в функции "private: virtual void __thiscall TSet_can_assign_set_of_equal_size_Test::TestBody(void)" (?TestBody@TSet_can_assign_set_of_equal_size_Test@@EAEXXZ)
test_tset.obj : error LNK2019: ссылка на неразрешенный внешний символ "public: void __thiscall TSet::DelElem(int)" (?DelElem@TSet@@QAEXH@Z) в функции "private: virtual void __thiscall TSet_can_delete_existing_element_Test::TestBody(void)" (?TestBody@TSet_can_delete_existing_element_Test@@EAEXXZ)
test_tset.obj : error LNK2019: ссылка на неразрешенный внешний символ "public: int __thiscall TSet::IsMember(int)const " (?IsMember@TSet@@QBEHH@Z) в функции "private: virtual void __thiscall TSet_can_delete_existing_element_Test::TestBody(void)" (?TestBody@TSet_can_delete_existing_element_Test@@EAEXXZ)
test_tset.obj : error LNK2019: ссылка на неразрешенный внешний символ "public: int __thiscall TSet::operator==(class TSet const &)const " (??8TSet@@QBEHABV0@@Z) в функции "class testing::AssertionResult __cdecl testing::internal::CmpHelperEQ<class TSet,class TSet>(char const *,char const *,class TSet const &,class TSet const &)" (??$CmpHelperEQ@VTSet@@V1@@internal@testing@@YA?AVAssertionResult@1@PBD0ABVTSet@@1@Z)
test_tset.obj : error LNK2019: ссылка на неразрешенный внешний символ "public: int __thiscall TSet::operator!=(class TSet const &)const " (??9TSet@@QBEHABV0@@Z) в функции "private: virtual void __thiscall TSet_compare_two_non_equal_sets_Test::TestBody(void)" (?TestBody@TSet_compare_two_non_equal_sets_Test@@EAEXXZ)
test_tset.obj : error LNK2019: ссылка на неразрешенный внешний символ "public: class TSet & __thiscall TSet::operator=(class TSet const &)" (??4TSet@@QAEAAV0@ABV0@@Z) в функции "private: virtual void __thiscall TSet_can_assign_set_of_equal_size_Test::TestBody(void)" (?TestBody@TSet_can_assign_set_of_equal_size_Test@@EAEXXZ)
test_tset.obj : error LNK2019: ссылка на неразрешенный внешний символ "public: class TSet __thiscall TSet::operator+(int)" (??HTSet@@QAE?AV0@H@Z) в функции "private: virtual void __thiscall TSet_can_insert_existing_element_using_plus_operator_Test::TestBody(void)" (?TestBody@TSet_can_insert_existing_element_using_plus_operator_Test@@EAEXXZ)
test_tset.obj : error LNK2019: ссылка на неразрешенный внешний символ "public: class TSet __thiscall TSet::operator+(class TSet const &)" (??HTSet@@QAE?AV0@ABV0@@Z) в функции "private: virtual void __thiscall TSet_can_combine_two_sets_of_equal_size_Test::TestBody(void)" (?TestBody@TSet_can_combine_two_sets_of_equal_size_Test@@EAEXXZ)
test_tset.obj : error LNK2019: ссылка на неразрешенный внешний символ "public: class TSet __thiscall TSet::operator*(class TSet const &)" (??DTSet@@QAE?AV0@ABV0@@Z) в функции "private: virtual void __thiscall TSet_can_intersect_two_sets_of_equal_size_Test::TestBody(void)" (?TestBody@TSet_can_intersect_two_sets_of_equal_size_Test@@EAEXXZ)
test_tset.obj : error LNK2019: ссылка на неразрешенный внешний символ "public: class TSet __thiscall TSet::operator~(void)" (??STSet@@QAE?AV0@XZ) в функции "private: virtual void __thiscall TSet_check_negation_operator_Test::TestBody(void)" (?TestBody@TSet_check_negation_operator_Test@@EAEXXZ)
test_tset.obj : error LNK2019: ссылка на неразрешенный внешний символ "class std::basic_ostream<char,struct std::char_traits<char> > & __cdecl operator<<(class std::basic_ostream<char,struct std::char_traits<char> > &,class TSet const &)" (??6@YAAAV?$basic_ostream@DU?$char_traits@D@std@@@std@@AAV01@ABVTSet@@@Z) в функции "void __cdecl testing_internal::DefaultPrintNonContainerTo<class TSet>(class TSet const &,class std::basic_ostream<char,struct std::char_traits<char> > *)" (??$DefaultPrintNonContainerTo@VTSet@@@testing_internal@@YAXABVTSet@@PAV?$basic_ostream@DU?$char_traits@D@std@@@std@@@Z)
C:\ProjectsGit\mp2-lab1-set\sln\vc10\Debug\test_bitfield.exe : fatal error LNK1120: неразрешенных внешних элементов: 13
